# JRE version: Java(TM) SE Runtime Environment (8.0_144-b01) (build 1.8.0_144-b01)
# Java VM: Java HotSpot(TM) 64-Bit Server VM (25.144-b01 mixed mode linux-amd64 compressed oops)
Heap:
 PSYoungGen      total 176128K, used 149961K [0x00000000e1d80000, 0x00000000f5b00000, 0x0000000100000000)
  eden space 58880K, 100% used [0x00000000e1d80000,0x00000000e5700000,0x00000000e5700000)
  from space 117248K, 77% used [0x00000000e5700000,0x00000000eaff25e0,0x00000000ec980000)
  to   space 126976K, 99% used [0x00000000edf00000,0x00000000f5afa5e0,0x00000000f5b00000)
 ParOldGen       total 293376K, used 197263K [0x00000000a5800000, 0x00000000b7680000, 0x00000000e1d80000)
  object space 293376K, 67% used [0x00000000a5800000,0x00000000b18a3c48,0x00000000b7680000)
 Metaspace       used 12321K, capacity 12544K, committed 12800K, reserved 1060864K
  class space    used 1428K, capacity 1515K, committed 1536K, reserved 1048576K
GC Heap History (10 events):
Event: 7,056 GC heap after
Heap after GC invocations=8 (full 2):
 PSYoungGen      total 112640K, used 47606K [0x00000000e1d80000, 0x00000000ecd00000, 0x0000000100000000)
  eden space 65024K, 0% used [0x00000000e1d80000,0x00000000e1d80000,0x00000000e5d00000)
  from space 47616K, 99% used [0x00000000e9980000,0x00000000ec7fd810,0x00000000ec800000)
  to   space 57344K, 0% used [0x00000000e5d00000,0x00000000e5d00000,0x00000000e9500000)
 ParOldGen       total 188416K, used 97966K [0x00000000a5800000, 0x00000000b1000000, 0x00000000e1d80000)
  object space 188416K, 51% used [0x00000000a5800000,0x00000000ab7ab9d8,0x00000000b1000000)
 Metaspace       used 12321K, capacity 12544K, committed 12800K, reserved 1060864K
  class space    used 1428K, capacity 1515K, committed 1536K, reserved 1048576K
}
Event: 7,210 GC heap before
{Heap before GC invocations=9 (full 2):
 PSYoungGen      total 112640K, used 112630K [0x00000000e1d80000, 0x00000000ecd00000, 0x0000000100000000)
  eden space 65024K, 100% used [0x00000000e1d80000,0x00000000e5d00000,0x00000000e5d00000)
  from space 47616K, 99% used [0x00000000e9980000,0x00000000ec7fd810,0x00000000ec800000)
  to   space 57344K, 0% used [0x00000000e5d00000,0x00000000e5d00000,0x00000000e9500000)
 ParOldGen       total 188416K, used 97966K [0x00000000a5800000, 0x00000000b1000000, 0x00000000e1d80000)
  object space 188416K, 51% used [0x00000000a5800000,0x00000000ab7ab9d8,0x00000000b1000000)
 Metaspace       used 12321K, capacity 12544K, committed 12800K, reserved 1060864K
  class space    used 1428K, capacity 1515K, committed 1536K, reserved 1048576K
Event: 7,297 GC heap after
Heap after GC invocations=9 (full 2):
 PSYoungGen      total 122368K, used 57329K [0x00000000e1d80000, 0x00000000f1c00000, 0x0000000100000000)
  eden space 65024K, 0% used [0x00000000e1d80000,0x00000000e1d80000,0x00000000e5d00000)
  from space 57344K, 99% used [0x00000000e5d00000,0x00000000e94fc400,0x00000000e9500000)
  to   space 84480K, 0% used [0x00000000ec980000,0x00000000ec980000,0x00000000f1c00000)
 ParOldGen       total 188416K, used 132038K [0x00000000a5800000, 0x00000000b1000000, 0x00000000e1d80000)
  object space 188416K, 70% used [0x00000000a5800000,0x00000000ad8f19d8,0x00000000b1000000)
 Metaspace       used 12321K, capacity 12544K, committed 12800K, reserved 1060864K
  class space    used 1428K, capacity 1515K, committed 1536K, reserved 1048576K
}
Event: 7,507 GC heap before
{Heap before GC invocations=10 (full 2):
 PSYoungGen      total 122368K, used 109711K [0x00000000e1d80000, 0x00000000f1c00000, 0x0000000100000000)
  eden space 65024K, 80% used [0x00000000e1d80000,0x00000000e50a7808,0x00000000e5d00000)
  from space 57344K, 99% used [0x00000000e5d00000,0x00000000e94fc400,0x00000000e9500000)
  to   space 84480K, 0% used [0x00000000ec980000,0x00000000ec980000,0x00000000f1c00000)
 ParOldGen       total 188416K, used 132038K [0x00000000a5800000, 0x00000000b1000000, 0x00000000e1d80000)
  object space 188416K, 70% used [0x00000000a5800000,0x00000000ad8f19d8,0x00000000b1000000)
 Metaspace       used 12321K, capacity 12544K, committed 12800K, reserved 1060864K
  class space    used 1428K, capacity 1515K, committed 1536K, reserved 1048576K
Event: 7,624 GC heap after
Heap after GC invocations=10 (full 2):
 PSYoungGen      total 143360K, used 84457K [0x00000000e1d80000, 0x00000000f5e80000, 0x0000000100000000)
  eden space 58880K, 0% used [0x00000000e1d80000,0x00000000e1d80000,0x00000000e5700000)
  from space 84480K, 99% used [0x00000000ec980000,0x00000000f1bfa600,0x00000000f1c00000)
  to   space 117248K, 0% used [0x00000000e5700000,0x00000000e5700000,0x00000000ec980000)
 ParOldGen       total 188416K, used 172558K [0x00000000a5800000, 0x00000000b1000000, 0x00000000e1d80000)
  object space 188416K, 91% used [0x00000000a5800000,0x00000000b00839d8,0x00000000b1000000)
 Metaspace       used 12321K, capacity 12544K, committed 12800K, reserved 1060864K
  class space    used 1428K, capacity 1515K, committed 1536K, reserved 1048576K
}
Event: 7,624 GC heap before
{Heap before GC invocations=11 (full 3):
 PSYoungGen      total 143360K, used 84457K [0x00000000e1d80000, 0x00000000f5e80000, 0x0000000100000000)
  eden space 58880K, 0% used [0x00000000e1d80000,0x00000000e1d80000,0x00000000e5700000)
  from space 84480K, 99% used [0x00000000ec980000,0x00000000f1bfa600,0x00000000f1c00000)
  to   space 117248K, 0% used [0x00000000e5700000,0x00000000e5700000,0x00000000ec980000)
 ParOldGen       total 188416K, used 172558K [0x00000000a5800000, 0x00000000b1000000, 0x00000000e1d80000)
  object space 188416K, 91% used [0x00000000a5800000,0x00000000b00839d8,0x00000000b1000000)
 Metaspace       used 12321K, capacity 12544K, committed 12800K, reserved 1060864K
  class space    used 1428K, capacity 1515K, committed 1536K, reserved 1048576K
Event: 8,676 GC heap after
Heap after GC invocations=11 (full 3):
 PSYoungGen      total 143360K, used 52341K [0x00000000e1d80000, 0x00000000f5e80000, 0x0000000100000000)
  eden space 58880K, 0% used [0x00000000e1d80000,0x00000000e1d80000,0x00000000e5700000)
  from space 84480K, 61% used [0x00000000ec980000,0x00000000efc9d400,0x00000000f1c00000)
  to   space 117248K, 0% used [0x00000000e5700000,0x00000000e5700000,0x00000000ec980000)
 ParOldGen       total 293376K, used 174015K [0x00000000a5800000, 0x00000000b7680000, 0x00000000e1d80000)
  object space 293376K, 59% used [0x00000000a5800000,0x00000000b01efc48,0x00000000b7680000)
 Metaspace       used 12321K, capacity 12544K, committed 12800K, reserved 1060864K
  class space    used 1428K, capacity 1515K, committed 1536K, reserved 1048576K
}
Event: 8,738 GC heap before
{Heap before GC invocations=12 (full 3):
 PSYoungGen      total 143360K, used 111221K [0x00000000e1d80000, 0x00000000f5e80000, 0x0000000100000000)
  eden space 58880K, 100% used [0x00000000e1d80000,0x00000000e5700000,0x00000000e5700000)
  from space 84480K, 61% used [0x00000000ec980000,0x00000000efc9d400,0x00000000f1c00000)
  to   space 117248K, 0% used [0x00000000e5700000,0x00000000e5700000,0x00000000ec980000)
 ParOldGen       total 293376K, used 174015K [0x00000000a5800000, 0x00000000b7680000, 0x00000000e1d80000)
  object space 293376K, 59% used [0x00000000a5800000,0x00000000b01efc48,0x00000000b7680000)
 Metaspace       used 12321K, capacity 12544K, committed 12800K, reserved 1060864K
  class space    used 1428K, capacity 1515K, committed 1536K, reserved 1048576K
Event: 8,848 GC heap after
Heap after GC invocations=12 (full 3):
 PSYoungGen      total 176128K, used 91081K [0x00000000e1d80000, 0x00000000f5b00000, 0x0000000100000000)
  eden space 58880K, 0% used [0x00000000e1d80000,0x00000000e1d80000,0x00000000e5700000)
  from space 117248K, 77% used [0x00000000e5700000,0x00000000eaff25e0,0x00000000ec980000)
  to   space 126976K, 0% used [0x00000000edf00000,0x00000000edf00000,0x00000000f5b00000)
 ParOldGen       total 293376K, used 178271K [0x00000000a5800000, 0x00000000b7680000, 0x00000000e1d80000)
  object space 293376K, 60% used [0x00000000a5800000,0x00000000b0617c48,0x00000000b7680000)
 Metaspace       used 12321K, capacity 12544K, committed 12800K, reserved 1060864K
  class space    used 1428K, capacity 1515K, committed 1536K, reserved 1048576K
}
Event: 9,086 GC heap before
{Heap before GC invocations=13 (full 3):
 PSYoungGen      total 176128K, used 149961K [0x00000000e1d80000, 0x00000000f5b00000, 0x0000000100000000)
  eden space 58880K, 100% used [0x00000000e1d80000,0x00000000e5700000,0x00000000e5700000)
  from space 117248K, 77% used [0x00000000e5700000,0x00000000eaff25e0,0x00000000ec980000)
  to   space 126976K, 0% used [0x00000000edf00000,0x00000000edf00000,0x00000000f5b00000)
 ParOldGen       total 293376K, used 178271K [0x00000000a5800000, 0x00000000b7680000, 0x00000000e1d80000)
  object space 293376K, 60% used [0x00000000a5800000,0x00000000b0617c48,0x00000000b7680000)
 Metaspace       used 12321K, capacity 12544K, committed 12800K, reserved 1060864K
  class space    used 1428K, capacity 1515K, committed 1536K, reserved 1048576K

